Analysis & Elaboration report for lab4
Wed Oct 13 23:12:01 2021
Quartus Prime Version 18.1.0 Build 625 09/12/2018 SJ Lite Edition


---------------------
; Table of Contents ;
---------------------
  1. Legal Notice
  2. Analysis & Elaboration Summary
  3. Parallel Compilation
  4. Analysis & Elaboration Settings
  5. Port Connectivity Checks: "carry_select_adder:carry_select_adder_inst|CSA4:CSA4_0|ripple_adder4:CRA1"
  6. Port Connectivity Checks: "carry_select_adder:carry_select_adder_inst|CSA4:CSA4_0|ripple_adder4:CRA0"
  7. Port Connectivity Checks: "carry_select_adder:carry_select_adder_inst|CSA4:CSA4_0"
  8. Analysis & Elaboration Messages



----------------
; Legal Notice ;
----------------
Copyright (C) 2018  Intel Corporation. All rights reserved.
Your use of Intel Corporation's design tools, logic functions 
and other software and tools, and its AMPP partner logic 
functions, and any output files from any of the foregoing 
(including device programming or simulation files), and any 
associated documentation or information are expressly subject 
to the terms and conditions of the Intel Program License 
Subscription Agreement, the Intel Quartus Prime License Agreement,
the Intel FPGA IP License Agreement, or other applicable license
agreement, including, without limitation, that your use is for
the sole purpose of programming logic devices manufactured by
Intel and sold by Intel or its authorized distributors.  Please
refer to the applicable agreement for further details.



+----------------------------------------------------------------------------------+
; Analysis & Elaboration Summary                                                   ;
+------------------------------------+---------------------------------------------+
; Analysis & Elaboration Status      ; Successful - Wed Oct 13 23:12:01 2021       ;
; Quartus Prime Version              ; 18.1.0 Build 625 09/12/2018 SJ Lite Edition ;
; Revision Name                      ; lab4                                        ;
; Top-level Entity Name              ; lab4_adders_toplevel                        ;
; Family                             ; Cyclone IV E                                ;
; Total logic elements               ; N/A until Partition Merge                   ;
;     Total combinational functions  ; N/A until Partition Merge                   ;
;     Dedicated logic registers      ; N/A until Partition Merge                   ;
; Total registers                    ; N/A until Partition Merge                   ;
; Total pins                         ; N/A until Partition Merge                   ;
; Total virtual pins                 ; N/A until Partition Merge                   ;
; Total memory bits                  ; N/A until Partition Merge                   ;
; Embedded Multiplier 9-bit elements ; N/A until Partition Merge                   ;
; Total PLLs                         ; N/A until Partition Merge                   ;
+------------------------------------+---------------------------------------------+


+------------------------------------------+
; Parallel Compilation                     ;
+----------------------------+-------------+
; Processors                 ; Number      ;
+----------------------------+-------------+
; Number detected on machine ; 8           ;
; Maximum allowed            ; 8           ;
;                            ;             ;
; Average used               ; 1.00        ;
; Maximum used               ; 1           ;
;                            ;             ;
; Usage by Processor         ; % Time Used ;
;     Processor 1            ; 100.0%      ;
+----------------------------+-------------+


+--------------------------------------------------------------------------------------------------------------+
; Analysis & Elaboration Settings                                                                              ;
+------------------------------------------------------------------+----------------------+--------------------+
; Option                                                           ; Setting              ; Default Value      ;
+------------------------------------------------------------------+----------------------+--------------------+
; Device                                                           ; EP4CE115F29C7        ;                    ;
; Top-level entity name                                            ; lab4_adders_toplevel ; lab4               ;
; Family name                                                      ; Cyclone IV E         ; Cyclone V          ;
; Use smart compilation                                            ; Off                  ; Off                ;
; Enable parallel Assembler and Timing Analyzer during compilation ; On                   ; On                 ;
; Enable compact report table                                      ; Off                  ; Off                ;
; Restructure Multiplexers                                         ; Auto                 ; Auto               ;
; Create Debugging Nodes for IP Cores                              ; Off                  ; Off                ;
; Preserve fewer node names                                        ; On                   ; On                 ;
; Intel FPGA IP Evaluation Mode                                    ; Enable               ; Enable             ;
; Verilog Version                                                  ; Verilog_2001         ; Verilog_2001       ;
; VHDL Version                                                     ; VHDL_1993            ; VHDL_1993          ;
; State Machine Processing                                         ; Auto                 ; Auto               ;
; Safe State Machine                                               ; Off                  ; Off                ;
; Extract Verilog State Machines                                   ; On                   ; On                 ;
; Extract VHDL State Machines                                      ; On                   ; On                 ;
; Ignore Verilog initial constructs                                ; Off                  ; Off                ;
; Iteration limit for constant Verilog loops                       ; 5000                 ; 5000               ;
; Iteration limit for non-constant Verilog loops                   ; 250                  ; 250                ;
; Add Pass-Through Logic to Inferred RAMs                          ; On                   ; On                 ;
; Infer RAMs from Raw Logic                                        ; On                   ; On                 ;
; Parallel Synthesis                                               ; On                   ; On                 ;
; DSP Block Balancing                                              ; Auto                 ; Auto               ;
; NOT Gate Push-Back                                               ; On                   ; On                 ;
; Power-Up Don't Care                                              ; On                   ; On                 ;
; Remove Redundant Logic Cells                                     ; Off                  ; Off                ;
; Remove Duplicate Registers                                       ; On                   ; On                 ;
; Ignore CARRY Buffers                                             ; Off                  ; Off                ;
; Ignore CASCADE Buffers                                           ; Off                  ; Off                ;
; Ignore GLOBAL Buffers                                            ; Off                  ; Off                ;
; Ignore ROW GLOBAL Buffers                                        ; Off                  ; Off                ;
; Ignore LCELL Buffers                                             ; Off                  ; Off                ;
; Ignore SOFT Buffers                                              ; On                   ; On                 ;
; Limit AHDL Integers to 32 Bits                                   ; Off                  ; Off                ;
; Optimization Technique                                           ; Balanced             ; Balanced           ;
; Carry Chain Length                                               ; 70                   ; 70                 ;
; Auto Carry Chains                                                ; On                   ; On                 ;
; Auto Open-Drain Pins                                             ; On                   ; On                 ;
; Perform WYSIWYG Primitive Resynthesis                            ; Off                  ; Off                ;
; Auto ROM Replacement                                             ; On                   ; On                 ;
; Auto RAM Replacement                                             ; On                   ; On                 ;
; Auto DSP Block Replacement                                       ; On                   ; On                 ;
; Auto Shift Register Replacement                                  ; Auto                 ; Auto               ;
; Allow Shift Register Merging across Hierarchies                  ; Auto                 ; Auto               ;
; Auto Clock Enable Replacement                                    ; On                   ; On                 ;
; Strict RAM Replacement                                           ; Off                  ; Off                ;
; Allow Synchronous Control Signals                                ; On                   ; On                 ;
; Force Use of Synchronous Clear Signals                           ; Off                  ; Off                ;
; Auto RAM Block Balancing                                         ; On                   ; On                 ;
; Auto RAM to Logic Cell Conversion                                ; Off                  ; Off                ;
; Auto Resource Sharing                                            ; Off                  ; Off                ;
; Allow Any RAM Size For Recognition                               ; Off                  ; Off                ;
; Allow Any ROM Size For Recognition                               ; Off                  ; Off                ;
; Allow Any Shift Register Size For Recognition                    ; Off                  ; Off                ;
; Use LogicLock Constraints during Resource Balancing              ; On                   ; On                 ;
; Ignore translate_off and synthesis_off directives                ; Off                  ; Off                ;
; Timing-Driven Synthesis                                          ; On                   ; On                 ;
; Report Parameter Settings                                        ; On                   ; On                 ;
; Report Source Assignments                                        ; On                   ; On                 ;
; Report Connectivity Checks                                       ; On                   ; On                 ;
; Ignore Maximum Fan-Out Assignments                               ; Off                  ; Off                ;
; Synchronization Register Chain Length                            ; 2                    ; 2                  ;
; Power Optimization During Synthesis                              ; Normal compilation   ; Normal compilation ;
; HDL message level                                                ; Level2               ; Level2             ;
; Suppress Register Optimization Related Messages                  ; Off                  ; Off                ;
; Number of Removed Registers Reported in Synthesis Report         ; 5000                 ; 5000               ;
; Number of Swept Nodes Reported in Synthesis Report               ; 5000                 ; 5000               ;
; Number of Inverted Registers Reported in Synthesis Report        ; 100                  ; 100                ;
; Clock MUX Protection                                             ; On                   ; On                 ;
; Auto Gated Clock Conversion                                      ; Off                  ; Off                ;
; Block Design Naming                                              ; Auto                 ; Auto               ;
; SDC constraint protection                                        ; Off                  ; Off                ;
; Synthesis Effort                                                 ; Auto                 ; Auto               ;
; Shift Register Replacement - Allow Asynchronous Clear Signal     ; On                   ; On                 ;
; Pre-Mapping Resynthesis Optimization                             ; Off                  ; Off                ;
; Analysis & Synthesis Message Level                               ; Medium               ; Medium             ;
; Disable Register Merging Across Hierarchies                      ; Auto                 ; Auto               ;
; Resource Aware Inference For Block RAM                           ; On                   ; On                 ;
+------------------------------------------------------------------+----------------------+--------------------+


+-------------------------------------------------------------------------------------------------------+
; Port Connectivity Checks: "carry_select_adder:carry_select_adder_inst|CSA4:CSA4_0|ripple_adder4:CRA1" ;
+------+-------+----------+-----------------------------------------------------------------------------+
; Port ; Type  ; Severity ; Details                                                                     ;
+------+-------+----------+-----------------------------------------------------------------------------+
; c_in ; Input ; Info     ; Stuck at VCC                                                                ;
+------+-------+----------+-----------------------------------------------------------------------------+


+-------------------------------------------------------------------------------------------------------+
; Port Connectivity Checks: "carry_select_adder:carry_select_adder_inst|CSA4:CSA4_0|ripple_adder4:CRA0" ;
+------+-------+----------+-----------------------------------------------------------------------------+
; Port ; Type  ; Severity ; Details                                                                     ;
+------+-------+----------+-----------------------------------------------------------------------------+
; c_in ; Input ; Info     ; Stuck at GND                                                                ;
+------+-------+----------+-----------------------------------------------------------------------------+


+-----------------------------------------------------------------------------------------------------------------------------------------------------------------------------------------------------------------+
; Port Connectivity Checks: "carry_select_adder:carry_select_adder_inst|CSA4:CSA4_0"                                                                                                                              ;
+---------+-------+----------+------------------------------------------------------------------------------------------------------------------------------------------------------------------------------------+
; Port    ; Type  ; Severity ; Details                                                                                                                                                                            ;
+---------+-------+----------+------------------------------------------------------------------------------------------------------------------------------------------------------------------------------------+
; cin     ; Input ; Warning  ; Input port expression (32 bits) is wider than the input port (1 bits) it drives.  The 31 most-significant bit(s) in the expression will be dangling if they have no other fanouts. ;
; cin[-1] ; Input ; Info     ; Stuck at GND                                                                                                                                                                       ;
+---------+-------+----------+------------------------------------------------------------------------------------------------------------------------------------------------------------------------------------+


+---------------------------------+
; Analysis & Elaboration Messages ;
+---------------------------------+
Info: *******************************************************************
Info: Running Quartus Prime Analysis & Elaboration
    Info: Version 18.1.0 Build 625 09/12/2018 SJ Lite Edition
    Info: Processing started: Wed Oct 13 23:11:52 2021
Info: Command: quartus_map --read_settings_files=on --write_settings_files=off lab4 -c lab4 --analysis_and_elaboration
Warning (18236): Number of processors has not been specified which may cause overloading on shared machines.  Set the global assignment NUM_PARALLEL_PROCESSORS in your QSF to an appropriate value for best performance.
Info (20030): Parallel compilation is enabled and will use 8 of the 8 processors detected
Info (12021): Found 1 design units, including 1 entities, in source file ece385sp16_lab4_adders/testbench_adder.sv
    Info (12023): Found entity 1: testbench_adder File: D:/OneDrive - International Campus, Zhejiang University/University/ece/ECE385/lab/lab4/code/ece385sp16_lab4_adders/testbench_adder.sv Line: 5
Info (12021): Found 3 design units, including 3 entities, in source file ece385sp16_lab4_adders/ripple_adder.sv
    Info (12023): Found entity 1: ripple_adder File: D:/OneDrive - International Campus, Zhejiang University/University/ece/ECE385/lab/lab4/code/ece385sp16_lab4_adders/ripple_adder.sv Line: 1
    Info (12023): Found entity 2: full_adder File: D:/OneDrive - International Campus, Zhejiang University/University/ece/ECE385/lab/lab4/code/ece385sp16_lab4_adders/ripple_adder.sv Line: 23
    Info (12023): Found entity 3: ADDER4 File: D:/OneDrive - International Campus, Zhejiang University/University/ece/ECE385/lab/lab4/code/ece385sp16_lab4_adders/ripple_adder.sv Line: 31
Warning (10090): Verilog HDL syntax warning at lab4_adders_toplevel.sv(14): extra block comment delimiter characters /* within block comment File: D:/OneDrive - International Campus, Zhejiang University/University/ece/ECE385/lab/lab4/code/ece385sp16_lab4_adders/lab4_adders_toplevel.sv Line: 14
Info (12021): Found 1 design units, including 1 entities, in source file ece385sp16_lab4_adders/lab4_adders_toplevel.sv
    Info (12023): Found entity 1: lab4_adders_toplevel File: D:/OneDrive - International Campus, Zhejiang University/University/ece/ECE385/lab/lab4/code/ece385sp16_lab4_adders/lab4_adders_toplevel.sv Line: 17
Info (12021): Found 1 design units, including 1 entities, in source file ece385sp16_lab4_adders/hexdriver.sv
    Info (12023): Found entity 1: HexDriver File: D:/OneDrive - International Campus, Zhejiang University/University/ece/ECE385/lab/lab4/code/ece385sp16_lab4_adders/HexDriver.sv Line: 1
Info (12021): Found 4 design units, including 4 entities, in source file ece385sp16_lab4_adders/carry_select_adder.sv
    Info (12023): Found entity 1: carry_select_adder File: D:/OneDrive - International Campus, Zhejiang University/University/ece/ECE385/lab/lab4/code/ece385sp16_lab4_adders/carry_select_adder.sv Line: 1
    Info (12023): Found entity 2: CSA4 File: D:/OneDrive - International Campus, Zhejiang University/University/ece/ECE385/lab/lab4/code/ece385sp16_lab4_adders/carry_select_adder.sv Line: 25
    Info (12023): Found entity 3: ripple_adder4 File: D:/OneDrive - International Campus, Zhejiang University/University/ece/ECE385/lab/lab4/code/ece385sp16_lab4_adders/carry_select_adder.sv Line: 61
    Info (12023): Found entity 4: FA File: D:/OneDrive - International Campus, Zhejiang University/University/ece/ECE385/lab/lab4/code/ece385sp16_lab4_adders/carry_select_adder.sv Line: 76
Info (12021): Found 5 design units, including 5 entities, in source file ece385sp16_lab4_adders/carry_lookahead_adder.sv
    Info (12023): Found entity 1: carry_lookahead_adder File: D:/OneDrive - International Campus, Zhejiang University/University/ece/ECE385/lab/lab4/code/ece385sp16_lab4_adders/carry_lookahead_adder.sv Line: 1
    Info (12023): Found entity 2: sixteen_bit_CLA_CLU File: D:/OneDrive - International Campus, Zhejiang University/University/ece/ECE385/lab/lab4/code/ece385sp16_lab4_adders/carry_lookahead_adder.sv Line: 28
    Info (12023): Found entity 3: four_bit_CLA File: D:/OneDrive - International Campus, Zhejiang University/University/ece/ECE385/lab/lab4/code/ece385sp16_lab4_adders/carry_lookahead_adder.sv Line: 53
    Info (12023): Found entity 4: full_bit_CLA_CLU File: D:/OneDrive - International Campus, Zhejiang University/University/ece/ECE385/lab/lab4/code/ece385sp16_lab4_adders/carry_lookahead_adder.sv Line: 79
    Info (12023): Found entity 5: full_adder_for_CLA File: D:/OneDrive - International Campus, Zhejiang University/University/ece/ECE385/lab/lab4/code/ece385sp16_lab4_adders/carry_lookahead_adder.sv Line: 100
Info (12127): Elaborating entity "lab4_adders_toplevel" for the top level hierarchy
Info (12128): Elaborating entity "carry_select_adder" for hierarchy "carry_select_adder:carry_select_adder_inst" File: D:/OneDrive - International Campus, Zhejiang University/University/ece/ECE385/lab/lab4/code/ece385sp16_lab4_adders/lab4_adders_toplevel.sv Line: 130
Info (12128): Elaborating entity "CSA4" for hierarchy "carry_select_adder:carry_select_adder_inst|CSA4:CSA4_0" File: D:/OneDrive - International Campus, Zhejiang University/University/ece/ECE385/lab/lab4/code/ece385sp16_lab4_adders/carry_select_adder.sv Line: 16
Info (12128): Elaborating entity "ripple_adder4" for hierarchy "carry_select_adder:carry_select_adder_inst|CSA4:CSA4_0|ripple_adder4:CRA0" File: D:/OneDrive - International Campus, Zhejiang University/University/ece/ECE385/lab/lab4/code/ece385sp16_lab4_adders/carry_select_adder.sv Line: 38
Info (12128): Elaborating entity "FA" for hierarchy "carry_select_adder:carry_select_adder_inst|CSA4:CSA4_0|ripple_adder4:CRA0|FA:FA0" File: D:/OneDrive - International Campus, Zhejiang University/University/ece/ECE385/lab/lab4/code/ece385sp16_lab4_adders/carry_select_adder.sv Line: 69
Info (12128): Elaborating entity "HexDriver" for hierarchy "HexDriver:Ahex0_inst" File: D:/OneDrive - International Campus, Zhejiang University/University/ece/ECE385/lab/lab4/code/ece385sp16_lab4_adders/lab4_adders_toplevel.sv Line: 137
Warning (12241): 1 hierarchies have connectivity warnings - see the Connectivity Checks report folder
Info: Quartus Prime Analysis & Elaboration was successful. 0 errors, 3 warnings
    Info: Peak virtual memory: 4710 megabytes
    Info: Processing ended: Wed Oct 13 23:12:01 2021
    Info: Elapsed time: 00:00:09
    Info: Total CPU time (on all processors): 00:00:16


