Analysis & Synthesis report for lab5
Sat Oct 23 15:46:16 2021
Quartus Prime Version 18.1.0 Build 625 09/12/2018 SJ Lite Edition


---------------------
; Table of Contents ;
---------------------
  1. Legal Notice
  2. Analysis & Synthesis Summary
  3. Analysis & Synthesis Settings
  4. Parallel Compilation
  5. Analysis & Synthesis Source Files Read
  6. Analysis & Synthesis Resource Usage Summary
  7. Analysis & Synthesis Resource Utilization by Entity
  8. State Machine - |lab5_toplevel|controller:CONTROL|count
  9. State Machine - |lab5_toplevel|controller:CONTROL|state
 10. Registers Removed During Synthesis
 11. General Register Statistics
 12. Multiplexer Restructuring Statistics (Restructuring Performed)
 13. Port Connectivity Checks: "CLA_S:nine_bit_Adder|ripple_adder:adder"
 14. Post-Synthesis Netlist Statistics for Top Partition
 15. Elapsed Time Per Partition
 16. Analysis & Synthesis Messages



----------------
; Legal Notice ;
----------------
Copyright (C) 2018  Intel Corporation. All rights reserved.
Your use of Intel Corporation's design tools, logic functions 
and other software and tools, and its AMPP partner logic 
functions, and any output files from any of the foregoing 
(including device programming or simulation files), and any 
associated documentation or information are expressly subject 
to the terms and conditions of the Intel Program License 
Subscription Agreement, the Intel Quartus Prime License Agreement,
the Intel FPGA IP License Agreement, or other applicable license
agreement, including, without limitation, that your use is for
the sole purpose of programming logic devices manufactured by
Intel and sold by Intel or its authorized distributors.  Please
refer to the applicable agreement for further details.



+----------------------------------------------------------------------------------+
; Analysis & Synthesis Summary                                                     ;
+------------------------------------+---------------------------------------------+
; Analysis & Synthesis Status        ; Successful - Sat Oct 23 15:46:16 2021       ;
; Quartus Prime Version              ; 18.1.0 Build 625 09/12/2018 SJ Lite Edition ;
; Revision Name                      ; lab5                                        ;
; Top-level Entity Name              ; lab5_toplevel                               ;
; Family                             ; Cyclone IV E                                ;
; Total logic elements               ; 85                                          ;
;     Total combinational functions  ; 85                                          ;
;     Dedicated logic registers      ; 32                                          ;
; Total registers                    ; 32                                          ;
; Total pins                         ; 66                                          ;
; Total virtual pins                 ; 0                                           ;
; Total memory bits                  ; 0                                           ;
; Embedded Multiplier 9-bit elements ; 0                                           ;
; Total PLLs                         ; 0                                           ;
+------------------------------------+---------------------------------------------+


+------------------------------------------------------------------------------------------------------------+
; Analysis & Synthesis Settings                                                                              ;
+------------------------------------------------------------------+--------------------+--------------------+
; Option                                                           ; Setting            ; Default Value      ;
+------------------------------------------------------------------+--------------------+--------------------+
; Device                                                           ; EP4CE115F29C7      ;                    ;
; Top-level entity name                                            ; lab5_toplevel      ; lab5               ;
; Family name                                                      ; Cyclone IV E       ; Cyclone V          ;
; Use smart compilation                                            ; Off                ; Off                ;
; Enable parallel Assembler and Timing Analyzer during compilation ; On                 ; On                 ;
; Enable compact report table                                      ; Off                ; Off                ;
; Restructure Multiplexers                                         ; Auto               ; Auto               ;
; Create Debugging Nodes for IP Cores                              ; Off                ; Off                ;
; Preserve fewer node names                                        ; On                 ; On                 ;
; Intel FPGA IP Evaluation Mode                                    ; Enable             ; Enable             ;
; Verilog Version                                                  ; Verilog_2001       ; Verilog_2001       ;
; VHDL Version                                                     ; VHDL_1993          ; VHDL_1993          ;
; State Machine Processing                                         ; Auto               ; Auto               ;
; Safe State Machine                                               ; Off                ; Off                ;
; Extract Verilog State Machines                                   ; On                 ; On                 ;
; Extract VHDL State Machines                                      ; On                 ; On                 ;
; Ignore Verilog initial constructs                                ; Off                ; Off                ;
; Iteration limit for constant Verilog loops                       ; 5000               ; 5000               ;
; Iteration limit for non-constant Verilog loops                   ; 250                ; 250                ;
; Add Pass-Through Logic to Inferred RAMs                          ; On                 ; On                 ;
; Infer RAMs from Raw Logic                                        ; On                 ; On                 ;
; Parallel Synthesis                                               ; On                 ; On                 ;
; DSP Block Balancing                                              ; Auto               ; Auto               ;
; NOT Gate Push-Back                                               ; On                 ; On                 ;
; Power-Up Don't Care                                              ; On                 ; On                 ;
; Remove Redundant Logic Cells                                     ; Off                ; Off                ;
; Remove Duplicate Registers                                       ; On                 ; On                 ;
; Ignore CARRY Buffers                                             ; Off                ; Off                ;
; Ignore CASCADE Buffers                                           ; Off                ; Off                ;
; Ignore GLOBAL Buffers                                            ; Off                ; Off                ;
; Ignore ROW GLOBAL Buffers                                        ; Off                ; Off                ;
; Ignore LCELL Buffers                                             ; Off                ; Off                ;
; Ignore SOFT Buffers                                              ; On                 ; On                 ;
; Limit AHDL Integers to 32 Bits                                   ; Off                ; Off                ;
; Optimization Technique                                           ; Balanced           ; Balanced           ;
; Carry Chain Length                                               ; 70                 ; 70                 ;
; Auto Carry Chains                                                ; On                 ; On                 ;
; Auto Open-Drain Pins                                             ; On                 ; On                 ;
; Perform WYSIWYG Primitive Resynthesis                            ; Off                ; Off                ;
; Auto ROM Replacement                                             ; On                 ; On                 ;
; Auto RAM Replacement                                             ; On                 ; On                 ;
; Auto DSP Block Replacement                                       ; On                 ; On                 ;
; Auto Shift Register Replacement                                  ; Auto               ; Auto               ;
; Allow Shift Register Merging across Hierarchies                  ; Auto               ; Auto               ;
; Auto Clock Enable Replacement                                    ; On                 ; On                 ;
; Strict RAM Replacement                                           ; Off                ; Off                ;
; Allow Synchronous Control Signals                                ; On                 ; On                 ;
; Force Use of Synchronous Clear Signals                           ; Off                ; Off                ;
; Auto RAM Block Balancing                                         ; On                 ; On                 ;
; Auto RAM to Logic Cell Conversion                                ; Off                ; Off                ;
; Auto Resource Sharing                                            ; Off                ; Off                ;
; Allow Any RAM Size For Recognition                               ; Off                ; Off                ;
; Allow Any ROM Size For Recognition                               ; Off                ; Off                ;
; Allow Any Shift Register Size For Recognition                    ; Off                ; Off                ;
; Use LogicLock Constraints during Resource Balancing              ; On                 ; On                 ;
; Ignore translate_off and synthesis_off directives                ; Off                ; Off                ;
; Timing-Driven Synthesis                                          ; On                 ; On                 ;
; Report Parameter Settings                                        ; On                 ; On                 ;
; Report Source Assignments                                        ; On                 ; On                 ;
; Report Connectivity Checks                                       ; On                 ; On                 ;
; Ignore Maximum Fan-Out Assignments                               ; Off                ; Off                ;
; Synchronization Register Chain Length                            ; 2                  ; 2                  ;
; Power Optimization During Synthesis                              ; Normal compilation ; Normal compilation ;
; HDL message level                                                ; Level2             ; Level2             ;
; Suppress Register Optimization Related Messages                  ; Off                ; Off                ;
; Number of Removed Registers Reported in Synthesis Report         ; 5000               ; 5000               ;
; Number of Swept Nodes Reported in Synthesis Report               ; 5000               ; 5000               ;
; Number of Inverted Registers Reported in Synthesis Report        ; 100                ; 100                ;
; Clock MUX Protection                                             ; On                 ; On                 ;
; Auto Gated Clock Conversion                                      ; Off                ; Off                ;
; Block Design Naming                                              ; Auto               ; Auto               ;
; SDC constraint protection                                        ; Off                ; Off                ;
; Synthesis Effort                                                 ; Auto               ; Auto               ;
; Shift Register Replacement - Allow Asynchronous Clear Signal     ; On                 ; On                 ;
; Pre-Mapping Resynthesis Optimization                             ; Off                ; Off                ;
; Analysis & Synthesis Message Level                               ; Medium             ; Medium             ;
; Disable Register Merging Across Hierarchies                      ; Auto               ; Auto               ;
; Resource Aware Inference For Block RAM                           ; On                 ; On                 ;
+------------------------------------------------------------------+--------------------+--------------------+


+------------------------------------------+
; Parallel Compilation                     ;
+----------------------------+-------------+
; Processors                 ; Number      ;
+----------------------------+-------------+
; Number detected on machine ; 8           ;
; Maximum allowed            ; 8           ;
;                            ;             ;
; Average used               ; 1.00        ;
; Maximum used               ; 8           ;
;                            ;             ;
; Usage by Processor         ; % Time Used ;
;     Processor 1            ; 100.0%      ;
;     Processor 2            ;   0.0%      ;
;     Processors 3-8         ;   0.0%      ;
+----------------------------+-------------+


+---------------------------------------------------------------------------------------------------------------------------------------------------------------------+
; Analysis & Synthesis Source Files Read                                                                                                                              ;
+-----------------------------------+-----------------+------------------------------+----------------------------------------------------------------------+---------+
; File Name with User-Entered Path  ; Used in Netlist ; File Type                    ; File Name with Absolute Path                                         ; Library ;
+-----------------------------------+-----------------+------------------------------+----------------------------------------------------------------------+---------+
; lab5_code/lab5_toplevel.sv        ; yes             ; User SystemVerilog HDL File  ; D:/GitProject/ECE385/lab/lab5/code/lab5_code/lab5_toplevel.sv        ;         ;
; lab5_code/Synchronizers.sv        ; yes             ; User SystemVerilog HDL File  ; D:/GitProject/ECE385/lab/lab5/code/lab5_code/Synchronizers.sv        ;         ;
; lab5_code/ripple_adder.sv         ; yes             ; User SystemVerilog HDL File  ; D:/GitProject/ECE385/lab/lab5/code/lab5_code/ripple_adder.sv         ;         ;
; lab5_code/lab5_shift_registers.sv ; yes             ; User SystemVerilog HDL File  ; D:/GitProject/ECE385/lab/lab5/code/lab5_code/lab5_shift_registers.sv ;         ;
; lab5_code/lab5_controller.sv      ; yes             ; User SystemVerilog HDL File  ; D:/GitProject/ECE385/lab/lab5/code/lab5_code/lab5_controller.sv      ;         ;
; lab5_code/HexDriver.sv            ; yes             ; User SystemVerilog HDL File  ; D:/GitProject/ECE385/lab/lab5/code/lab5_code/HexDriver.sv            ;         ;
+-----------------------------------+-----------------+------------------------------+----------------------------------------------------------------------+---------+


+---------------------------------------------------------+
; Analysis & Synthesis Resource Usage Summary             ;
+---------------------------------------------+-----------+
; Resource                                    ; Usage     ;
+---------------------------------------------+-----------+
; Estimated Total logic elements              ; 85        ;
;                                             ;           ;
; Total combinational functions               ; 85        ;
; Logic element usage by number of LUT inputs ;           ;
;     -- 4 input functions                    ; 65        ;
;     -- 3 input functions                    ; 4         ;
;     -- <=2 input functions                  ; 16        ;
;                                             ;           ;
; Logic elements by mode                      ;           ;
;     -- normal mode                          ; 85        ;
;     -- arithmetic mode                      ; 0         ;
;                                             ;           ;
; Total registers                             ; 32        ;
;     -- Dedicated logic registers            ; 32        ;
;     -- I/O registers                        ; 0         ;
;                                             ;           ;
; I/O pins                                    ; 66        ;
;                                             ;           ;
; Embedded Multiplier 9-bit elements          ; 0         ;
;                                             ;           ;
; Maximum fan-out node                        ; Clk~input ;
; Maximum fan-out                             ; 32        ;
; Total fan-out                               ; 517       ;
; Average fan-out                             ; 2.08      ;
+---------------------------------------------+-----------+


+------------------------------------------------------------------------------------------------------------------------------------------------------------------------------------------------------------------------------------------------------------------------------+
; Analysis & Synthesis Resource Utilization by Entity                                                                                                                                                                                                                          ;
+--------------------------------+---------------------+---------------------------+-------------+--------------+---------+-----------+------+--------------+-----------------------------------------------------------------------------------+---------------+--------------+
; Compilation Hierarchy Node     ; Combinational ALUTs ; Dedicated Logic Registers ; Memory Bits ; DSP Elements ; DSP 9x9 ; DSP 18x18 ; Pins ; Virtual Pins ; Full Hierarchy Name                                                               ; Entity Name   ; Library Name ;
+--------------------------------+---------------------+---------------------------+-------------+--------------+---------+-----------+------+--------------+-----------------------------------------------------------------------------------+---------------+--------------+
; |lab5_toplevel                 ; 85 (1)              ; 32 (0)                    ; 0           ; 0            ; 0       ; 0         ; 66   ; 0            ; |lab5_toplevel                                                                    ; lab5_toplevel ; work         ;
;    |CLA_S:nine_bit_Adder|      ; 16 (0)              ; 0 (0)                     ; 0           ; 0            ; 0       ; 0         ; 0    ; 0            ; |lab5_toplevel|CLA_S:nine_bit_Adder                                               ; CLA_S         ; work         ;
;       |ripple_adder:adder|     ; 16 (0)              ; 0 (0)                     ; 0           ; 0            ; 0       ; 0         ; 0    ; 0            ; |lab5_toplevel|CLA_S:nine_bit_Adder|ripple_adder:adder                            ; ripple_adder  ; work         ;
;          |ADDER4:FRA0|         ; 8 (0)               ; 0 (0)                     ; 0           ; 0            ; 0       ; 0         ; 0    ; 0            ; |lab5_toplevel|CLA_S:nine_bit_Adder|ripple_adder:adder|ADDER4:FRA0                ; ADDER4        ; work         ;
;             |full_adder:FA0|   ; 2 (2)               ; 0 (0)                     ; 0           ; 0            ; 0       ; 0         ; 0    ; 0            ; |lab5_toplevel|CLA_S:nine_bit_Adder|ripple_adder:adder|ADDER4:FRA0|full_adder:FA0 ; full_adder    ; work         ;
;             |full_adder:FA1|   ; 2 (2)               ; 0 (0)                     ; 0           ; 0            ; 0       ; 0         ; 0    ; 0            ; |lab5_toplevel|CLA_S:nine_bit_Adder|ripple_adder:adder|ADDER4:FRA0|full_adder:FA1 ; full_adder    ; work         ;
;             |full_adder:FA2|   ; 2 (2)               ; 0 (0)                     ; 0           ; 0            ; 0       ; 0         ; 0    ; 0            ; |lab5_toplevel|CLA_S:nine_bit_Adder|ripple_adder:adder|ADDER4:FRA0|full_adder:FA2 ; full_adder    ; work         ;
;             |full_adder:FA3|   ; 2 (2)               ; 0 (0)                     ; 0           ; 0            ; 0       ; 0         ; 0    ; 0            ; |lab5_toplevel|CLA_S:nine_bit_Adder|ripple_adder:adder|ADDER4:FRA0|full_adder:FA3 ; full_adder    ; work         ;
;          |ADDER4:FRA1|         ; 7 (0)               ; 0 (0)                     ; 0           ; 0            ; 0       ; 0         ; 0    ; 0            ; |lab5_toplevel|CLA_S:nine_bit_Adder|ripple_adder:adder|ADDER4:FRA1                ; ADDER4        ; work         ;
;             |full_adder:FA0|   ; 2 (2)               ; 0 (0)                     ; 0           ; 0            ; 0       ; 0         ; 0    ; 0            ; |lab5_toplevel|CLA_S:nine_bit_Adder|ripple_adder:adder|ADDER4:FRA1|full_adder:FA0 ; full_adder    ; work         ;
;             |full_adder:FA1|   ; 2 (2)               ; 0 (0)                     ; 0           ; 0            ; 0       ; 0         ; 0    ; 0            ; |lab5_toplevel|CLA_S:nine_bit_Adder|ripple_adder:adder|ADDER4:FRA1|full_adder:FA1 ; full_adder    ; work         ;
;             |full_adder:FA2|   ; 2 (2)               ; 0 (0)                     ; 0           ; 0            ; 0       ; 0         ; 0    ; 0            ; |lab5_toplevel|CLA_S:nine_bit_Adder|ripple_adder:adder|ADDER4:FRA1|full_adder:FA2 ; full_adder    ; work         ;
;             |full_adder:FA3|   ; 1 (1)               ; 0 (0)                     ; 0           ; 0            ; 0       ; 0         ; 0    ; 0            ; |lab5_toplevel|CLA_S:nine_bit_Adder|ripple_adder:adder|ADDER4:FRA1|full_adder:FA3 ; full_adder    ; work         ;
;          |ADDER4:FRA2|         ; 1 (0)               ; 0 (0)                     ; 0           ; 0            ; 0       ; 0         ; 0    ; 0            ; |lab5_toplevel|CLA_S:nine_bit_Adder|ripple_adder:adder|ADDER4:FRA2                ; ADDER4        ; work         ;
;             |full_adder:FA0|   ; 1 (1)               ; 0 (0)                     ; 0           ; 0            ; 0       ; 0         ; 0    ; 0            ; |lab5_toplevel|CLA_S:nine_bit_Adder|ripple_adder:adder|ADDER4:FRA2|full_adder:FA0 ; full_adder    ; work         ;
;    |HexDriver:HexAL|           ; 7 (7)               ; 0 (0)                     ; 0           ; 0            ; 0       ; 0         ; 0    ; 0            ; |lab5_toplevel|HexDriver:HexAL                                                    ; HexDriver     ; work         ;
;    |HexDriver:HexAU|           ; 7 (7)               ; 0 (0)                     ; 0           ; 0            ; 0       ; 0         ; 0    ; 0            ; |lab5_toplevel|HexDriver:HexAU                                                    ; HexDriver     ; work         ;
;    |HexDriver:HexBL|           ; 7 (7)               ; 0 (0)                     ; 0           ; 0            ; 0       ; 0         ; 0    ; 0            ; |lab5_toplevel|HexDriver:HexBL                                                    ; HexDriver     ; work         ;
;    |HexDriver:HexBU|           ; 7 (7)               ; 0 (0)                     ; 0           ; 0            ; 0       ; 0         ; 0    ; 0            ; |lab5_toplevel|HexDriver:HexBU                                                    ; HexDriver     ; work         ;
;    |controller:CONTROL|        ; 15 (15)             ; 12 (12)                   ; 0           ; 0            ; 0       ; 0         ; 0    ; 0            ; |lab5_toplevel|controller:CONTROL                                                 ; controller    ; work         ;
;    |flip_reg:X_reg|            ; 1 (1)               ; 1 (1)                     ; 0           ; 0            ; 0       ; 0         ; 0    ; 0            ; |lab5_toplevel|flip_reg:X_reg                                                     ; flip_reg      ; work         ;
;    |sixteen_RS:sixteen_bit_SR| ; 21 (21)             ; 16 (16)                   ; 0           ; 0            ; 0       ; 0         ; 0    ; 0            ; |lab5_toplevel|sixteen_RS:sixteen_bit_SR                                          ; sixteen_RS    ; work         ;
;    |sync:button_sync[0]|       ; 1 (1)               ; 1 (1)                     ; 0           ; 0            ; 0       ; 0         ; 0    ; 0            ; |lab5_toplevel|sync:button_sync[0]                                                ; sync          ; work         ;
;    |sync:button_sync[1]|       ; 1 (1)               ; 1 (1)                     ; 0           ; 0            ; 0       ; 0         ; 0    ; 0            ; |lab5_toplevel|sync:button_sync[1]                                                ; sync          ; work         ;
;    |sync:button_sync[2]|       ; 1 (1)               ; 1 (1)                     ; 0           ; 0            ; 0       ; 0         ; 0    ; 0            ; |lab5_toplevel|sync:button_sync[2]                                                ; sync          ; work         ;
+--------------------------------+---------------------+---------------------------+-------------+--------------+---------+-----------+------+--------------+-----------------------------------------------------------------------------------+---------------+--------------+
Note: For table entries with two numbers listed, the numbers in parentheses indicate the number of resources of the given type used by the specific entity alone. The numbers listed outside of parentheses indicate the total resources of the given type used by the specific entity and all of its sub-entities in the hierarchy.


Encoding Type:  One-Hot
+--------------------------------------------------------------------------------------------------+
; State Machine - |lab5_toplevel|controller:CONTROL|count                                          ;
+----------+----------+----------+----------+----------+----------+----------+----------+----------+
; Name     ; count.S7 ; count.S6 ; count.S5 ; count.S4 ; count.S3 ; count.S2 ; count.S1 ; count.S0 ;
+----------+----------+----------+----------+----------+----------+----------+----------+----------+
; count.S0 ; 0        ; 0        ; 0        ; 0        ; 0        ; 0        ; 0        ; 0        ;
; count.S1 ; 0        ; 0        ; 0        ; 0        ; 0        ; 0        ; 1        ; 1        ;
; count.S2 ; 0        ; 0        ; 0        ; 0        ; 0        ; 1        ; 0        ; 1        ;
; count.S3 ; 0        ; 0        ; 0        ; 0        ; 1        ; 0        ; 0        ; 1        ;
; count.S4 ; 0        ; 0        ; 0        ; 1        ; 0        ; 0        ; 0        ; 1        ;
; count.S5 ; 0        ; 0        ; 1        ; 0        ; 0        ; 0        ; 0        ; 1        ;
; count.S6 ; 0        ; 1        ; 0        ; 0        ; 0        ; 0        ; 0        ; 1        ;
; count.S7 ; 1        ; 0        ; 0        ; 0        ; 0        ; 0        ; 0        ; 1        ;
+----------+----------+----------+----------+----------+----------+----------+----------+----------+


Encoding Type:  One-Hot
+--------------------------------------------------------------+
; State Machine - |lab5_toplevel|controller:CONTROL|state      ;
+-------------+-----------+-----------+----------+-------------+
; Name        ; state.Fin ; state.Sft ; state.Ld ; state.Start ;
+-------------+-----------+-----------+----------+-------------+
; state.Start ; 0         ; 0         ; 0        ; 0           ;
; state.Ld    ; 0         ; 0         ; 1        ; 1           ;
; state.Sft   ; 0         ; 1         ; 0        ; 1           ;
; state.Fin   ; 1         ; 0         ; 0        ; 1           ;
+-------------+-----------+-----------+----------+-------------+


+------------------------------------------------------------+
; Registers Removed During Synthesis                         ;
+---------------------------------------+--------------------+
; Register name                         ; Reason for Removal ;
+---------------------------------------+--------------------+
; controller:CONTROL|count~2            ; Lost fanout        ;
; controller:CONTROL|count~3            ; Lost fanout        ;
; controller:CONTROL|count~4            ; Lost fanout        ;
; controller:CONTROL|state~2            ; Lost fanout        ;
; controller:CONTROL|state~3            ; Lost fanout        ;
; Total Number of Removed Registers = 5 ;                    ;
+---------------------------------------+--------------------+


+------------------------------------------------------+
; General Register Statistics                          ;
+----------------------------------------------+-------+
; Statistic                                    ; Value ;
+----------------------------------------------+-------+
; Total registers                              ; 32    ;
; Number of registers using Synchronous Clear  ; 8     ;
; Number of registers using Synchronous Load   ; 0     ;
; Number of registers using Asynchronous Clear ; 0     ;
; Number of registers using Asynchronous Load  ; 0     ;
; Number of registers using Clock Enable       ; 24    ;
; Number of registers using Preset             ; 0     ;
+----------------------------------------------+-------+


+----------------------------------------------------------------------------------------------------------------------------------------------------------------+
; Multiplexer Restructuring Statistics (Restructuring Performed)                                                                                                 ;
+--------------------+-----------+---------------+----------------------+------------------------+------------+--------------------------------------------------+
; Multiplexer Inputs ; Bus Width ; Baseline Area ; Area if Restructured ; Saving if Restructured ; Registered ; Example Multiplexer Output                       ;
+--------------------+-----------+---------------+----------------------+------------------------+------------+--------------------------------------------------+
; 4:1                ; 8 bits    ; 16 LEs        ; 16 LEs               ; 0 LEs                  ; Yes        ; |lab5_toplevel|sixteen_RS:sixteen_bit_SR|XAB[0]  ;
; 6:1                ; 8 bits    ; 32 LEs        ; 16 LEs               ; 16 LEs                 ; Yes        ; |lab5_toplevel|sixteen_RS:sixteen_bit_SR|XAB[14] ;
; 3:1                ; 8 bits    ; 16 LEs        ; 16 LEs               ; 0 LEs                  ; No         ; |lab5_toplevel|controller:CONTROL|count          ;
; 7:1                ; 2 bits    ; 8 LEs         ; 6 LEs                ; 2 LEs                  ; No         ; |lab5_toplevel|controller:CONTROL|state          ;
+--------------------+-----------+---------------+----------------------+------------------------+------------+--------------------------------------------------+


+-------------------------------------------------------------------------------------------------------------------------------------------+
; Port Connectivity Checks: "CLA_S:nine_bit_Adder|ripple_adder:adder"                                                                       ;
+------------+--------+----------+----------------------------------------------------------------------------------------------------------+
; Port       ; Type   ; Severity ; Details                                                                                                  ;
+------------+--------+----------+----------------------------------------------------------------------------------------------------------+
; Sum[15..9] ; Output ; Info     ; Connected to dangling logic. Logic that only feeds a dangling port will be removed.                      ;
; CO         ; Output ; Warning  ; Declared by entity but not connected by instance. Logic that only feeds a dangling port will be removed. ;
+------------+--------+----------+----------------------------------------------------------------------------------------------------------+


+-----------------------------------------------------+
; Post-Synthesis Netlist Statistics for Top Partition ;
+-----------------------+-----------------------------+
; Type                  ; Count                       ;
+-----------------------+-----------------------------+
; boundary_port         ; 66                          ;
; cycloneiii_ff         ; 32                          ;
;     ENA               ; 16                          ;
;     ENA SCLR          ; 8                           ;
;     plain             ; 8                           ;
; cycloneiii_lcell_comb ; 89                          ;
;     normal            ; 89                          ;
;         1 data inputs ; 7                           ;
;         2 data inputs ; 13                          ;
;         3 data inputs ; 4                           ;
;         4 data inputs ; 65                          ;
;                       ;                             ;
; Max LUT depth         ; 10.00                       ;
; Average LUT depth     ; 3.31                        ;
+-----------------------+-----------------------------+


+-------------------------------+
; Elapsed Time Per Partition    ;
+----------------+--------------+
; Partition Name ; Elapsed Time ;
+----------------+--------------+
; Top            ; 00:00:00     ;
+----------------+--------------+


+-------------------------------+
; Analysis & Synthesis Messages ;
+-------------------------------+
Info: *******************************************************************
Info: Running Quartus Prime Analysis & Synthesis
    Info: Version 18.1.0 Build 625 09/12/2018 SJ Lite Edition
    Info: Processing started: Sat Oct 23 15:46:06 2021
Info: Command: quartus_map --read_settings_files=on --write_settings_files=off lab5 -c lab5
Warning (18236): Number of processors has not been specified which may cause overloading on shared machines.  Set the global assignment NUM_PARALLEL_PROCESSORS in your QSF to an appropriate value for best performance.
Info (20030): Parallel compilation is enabled and will use 8 of the 8 processors detected
Info (12021): Found 1 design units, including 1 entities, in source file lab5_code/lab5_toplevel.sv
    Info (12023): Found entity 1: lab5_toplevel File: D:/GitProject/ECE385/lab/lab5/code/lab5_code/lab5_toplevel.sv Line: 1
Info (12021): Found 3 design units, including 3 entities, in source file lab5_code/synchronizers.sv
    Info (12023): Found entity 1: sync File: D:/GitProject/ECE385/lab/lab5/code/lab5_code/Synchronizers.sv Line: 4
    Info (12023): Found entity 2: sync_r0 File: D:/GitProject/ECE385/lab/lab5/code/lab5_code/Synchronizers.sv Line: 18
    Info (12023): Found entity 3: sync_r1 File: D:/GitProject/ECE385/lab/lab5/code/lab5_code/Synchronizers.sv Line: 39
Info (12021): Found 1 design units, including 1 entities, in source file lab5_code/testbench.sv
    Info (12023): Found entity 1: testbench File: D:/GitProject/ECE385/lab/lab5/code/lab5_code/testbench.sv Line: 1
Info (12021): Found 3 design units, including 3 entities, in source file lab5_code/ripple_adder.sv
    Info (12023): Found entity 1: ripple_adder File: D:/GitProject/ECE385/lab/lab5/code/lab5_code/ripple_adder.sv Line: 1
    Info (12023): Found entity 2: full_adder File: D:/GitProject/ECE385/lab/lab5/code/lab5_code/ripple_adder.sv Line: 24
    Info (12023): Found entity 3: ADDER4 File: D:/GitProject/ECE385/lab/lab5/code/lab5_code/ripple_adder.sv Line: 32
Info (12021): Found 3 design units, including 3 entities, in source file lab5_code/lab5_shift_registers.sv
    Info (12023): Found entity 1: sixteen_RS File: D:/GitProject/ECE385/lab/lab5/code/lab5_code/lab5_shift_registers.sv Line: 1
    Info (12023): Found entity 2: flip_reg File: D:/GitProject/ECE385/lab/lab5/code/lab5_code/lab5_shift_registers.sv Line: 29
    Info (12023): Found entity 3: CLA_S File: D:/GitProject/ECE385/lab/lab5/code/lab5_code/lab5_shift_registers.sv Line: 45
Info (12021): Found 1 design units, including 1 entities, in source file lab5_code/lab5_controller.sv
    Info (12023): Found entity 1: controller File: D:/GitProject/ECE385/lab/lab5/code/lab5_code/lab5_controller.sv Line: 1
Info (12021): Found 1 design units, including 1 entities, in source file lab5_code/hexdriver.sv
    Info (12023): Found entity 1: HexDriver File: D:/GitProject/ECE385/lab/lab5/code/lab5_code/HexDriver.sv Line: 1
Info (12021): Found 4 design units, including 4 entities, in source file lab5_code/carry_select_adder.sv
    Info (12023): Found entity 1: carry_select_adder File: D:/GitProject/ECE385/lab/lab5/code/lab5_code/carry_select_adder.sv Line: 1
    Info (12023): Found entity 2: CSA4 File: D:/GitProject/ECE385/lab/lab5/code/lab5_code/carry_select_adder.sv Line: 26
    Info (12023): Found entity 3: ripple_adder4 File: D:/GitProject/ECE385/lab/lab5/code/lab5_code/carry_select_adder.sv Line: 62
    Info (12023): Found entity 4: FA File: D:/GitProject/ECE385/lab/lab5/code/lab5_code/carry_select_adder.sv Line: 77
Info (12021): Found 5 design units, including 5 entities, in source file lab5_code/carry_lookahead_adder.sv
    Info (12023): Found entity 1: carry_lookahead_adder File: D:/GitProject/ECE385/lab/lab5/code/lab5_code/carry_lookahead_adder.sv Line: 1
    Info (12023): Found entity 2: sixteen_bit_CLA_CLU File: D:/GitProject/ECE385/lab/lab5/code/lab5_code/carry_lookahead_adder.sv Line: 29
    Info (12023): Found entity 3: four_bit_CLA File: D:/GitProject/ECE385/lab/lab5/code/lab5_code/carry_lookahead_adder.sv Line: 54
    Info (12023): Found entity 4: full_bit_CLA_CLU File: D:/GitProject/ECE385/lab/lab5/code/lab5_code/carry_lookahead_adder.sv Line: 80
    Info (12023): Found entity 5: full_adder_for_CLA File: D:/GitProject/ECE385/lab/lab5/code/lab5_code/carry_lookahead_adder.sv Line: 101
Info (12127): Elaborating entity "lab5_toplevel" for the top level hierarchy
Info (12128): Elaborating entity "flip_reg" for hierarchy "flip_reg:X_reg" File: D:/GitProject/ECE385/lab/lab5/code/lab5_code/lab5_toplevel.sv Line: 21
Info (12128): Elaborating entity "controller" for hierarchy "controller:CONTROL" File: D:/GitProject/ECE385/lab/lab5/code/lab5_code/lab5_toplevel.sv Line: 25
Info (10264): Verilog HDL Case Statement information at lab5_controller.sv(52): all case item expressions in this case statement are onehot File: D:/GitProject/ECE385/lab/lab5/code/lab5_code/lab5_controller.sv Line: 52
Info (12128): Elaborating entity "sixteen_RS" for hierarchy "sixteen_RS:sixteen_bit_SR" File: D:/GitProject/ECE385/lab/lab5/code/lab5_code/lab5_toplevel.sv Line: 34
Warning (10230): Verilog HDL assignment warning at lab5_shift_registers.sv(17): truncated value with size 17 to match size of target (16) File: D:/GitProject/ECE385/lab/lab5/code/lab5_code/lab5_shift_registers.sv Line: 17
Info (12128): Elaborating entity "CLA_S" for hierarchy "CLA_S:nine_bit_Adder" File: D:/GitProject/ECE385/lab/lab5/code/lab5_code/lab5_toplevel.sv Line: 38
Info (12128): Elaborating entity "ripple_adder" for hierarchy "CLA_S:nine_bit_Adder|ripple_adder:adder" File: D:/GitProject/ECE385/lab/lab5/code/lab5_code/lab5_shift_registers.sv Line: 59
Info (12128): Elaborating entity "ADDER4" for hierarchy "CLA_S:nine_bit_Adder|ripple_adder:adder|ADDER4:FRA0" File: D:/GitProject/ECE385/lab/lab5/code/lab5_code/ripple_adder.sv Line: 16
Info (12128): Elaborating entity "full_adder" for hierarchy "CLA_S:nine_bit_Adder|ripple_adder:adder|ADDER4:FRA0|full_adder:FA0" File: D:/GitProject/ECE385/lab/lab5/code/lab5_code/ripple_adder.sv Line: 38
Info (12128): Elaborating entity "HexDriver" for hierarchy "HexDriver:HexAL" File: D:/GitProject/ECE385/lab/lab5/code/lab5_code/lab5_toplevel.sv Line: 42
Info (12128): Elaborating entity "sync" for hierarchy "sync:button_sync[0]" File: D:/GitProject/ECE385/lab/lab5/code/lab5_code/lab5_toplevel.sv Line: 58
Warning (12241): 1 hierarchies have connectivity warnings - see the Connectivity Checks report folder
Info (286030): Timing-Driven Synthesis is running
Info (17049): 5 registers lost all their fanouts during netlist optimizations.
Info (16010): Generating hard_block partition "hard_block:auto_generated_inst"
    Info (16011): Adding 0 node(s), including 0 DDIO, 0 PLL, 0 transceiver and 0 LCELL
Info (21057): Implemented 151 device resources after synthesis - the final resource count might be different
    Info (21058): Implemented 12 input pins
    Info (21059): Implemented 54 output pins
    Info (21061): Implemented 85 logic cells
Info: Quartus Prime Analysis & Synthesis was successful. 0 errors, 3 warnings
    Info: Peak virtual memory: 4806 megabytes
    Info: Processing ended: Sat Oct 23 15:46:16 2021
    Info: Elapsed time: 00:00:10
    Info: Total CPU time (on all processors): 00:00:18


